{"/home/mohammed/Desktop/CodeWarsTracker/main.js":{"path":"/home/mohammed/Desktop/CodeWarsTracker/main.js","s":{"1":1,"2":1,"3":1,"4":1,"5":1,"6":1,"7":0,"8":0,"9":0,"10":1},"b":{},"f":{"1":1},"fnMap":{"1":{"name":"(anonymous_1)","line":3,"loc":{"start":{"line":3,"column":18},"end":{"line":3,"column":37}}}},"statementMap":{"1":{"start":{"line":1,"column":0},"end":{"line":1,"column":36}},"2":{"start":{"line":3,"column":0},"end":{"line":14,"column":2}},"3":{"start":{"line":4,"column":4},"end":{"line":4,"column":42}},"4":{"start":{"line":5,"column":4},"end":{"line":5,"column":22}},"5":{"start":{"line":6,"column":4},"end":{"line":13,"column":5}},"6":{"start":{"line":7,"column":8},"end":{"line":7,"column":31}},"7":{"start":{"line":10,"column":8},"end":{"line":10,"column":34}},"8":{"start":{"line":11,"column":8},"end":{"line":11,"column":32}},"9":{"start":{"line":12,"column":8},"end":{"line":12,"column":29}},"10":{"start":{"line":15,"column":0},"end":{"line":15,"column":29}}},"branchMap":{}},"/home/mohammed/Desktop/CodeWarsTracker/router.js":{"path":"/home/mohammed/Desktop/CodeWarsTracker/router.js","s":{"1":1},"b":{},"f":{},"fnMap":{},"statementMap":{"1":{"start":{"line":1,"column":0},"end":{"line":7,"column":2}}},"branchMap":{}},"/home/mohammed/Desktop/CodeWarsTracker/app/root.js":{"path":"/home/mohammed/Desktop/CodeWarsTracker/app/root.js","s":{"1":1,"2":1,"3":1,"4":1},"b":{},"f":{"1":1},"fnMap":{"1":{"name":"(anonymous_1)","line":4,"loc":{"start":{"line":4,"column":17},"end":{"line":4,"column":36}}}},"statementMap":{"1":{"start":{"line":1,"column":0},"end":{"line":1,"column":23}},"2":{"start":{"line":2,"column":0},"end":{"line":2,"column":72}},"3":{"start":{"line":4,"column":0},"end":{"line":7,"column":2}},"4":{"start":{"line":6,"column":4},"end":{"line":6,"column":18}}},"branchMap":{}},"/home/mohammed/Desktop/CodeWarsTracker/app/css.js":{"path":"/home/mohammed/Desktop/CodeWarsTracker/app/css.js","s":{"1":1,"2":1,"3":1,"4":0,"5":0,"6":0,"7":0},"b":{},"f":{"1":0},"fnMap":{"1":{"name":"(anonymous_1)","line":3,"loc":{"start":{"line":3,"column":17},"end":{"line":3,"column":36}}}},"statementMap":{"1":{"start":{"line":1,"column":0},"end":{"line":1,"column":23}},"2":{"start":{"line":2,"column":0},"end":{"line":2,"column":83}},"3":{"start":{"line":3,"column":0},"end":{"line":11,"column":1}},"4":{"start":{"line":4,"column":2},"end":{"line":4,"column":21}},"5":{"start":{"line":6,"column":4},"end":{"line":8,"column":6}},"6":{"start":{"line":9,"column":4},"end":{"line":9,"column":18}},"7":{"start":{"line":10,"column":4},"end":{"line":10,"column":13}}},"branchMap":{}},"/home/mohammed/Desktop/CodeWarsTracker/app/main.js":{"path":"/home/mohammed/Desktop/CodeWarsTracker/app/main.js","s":{"1":1,"2":1,"3":1,"4":0,"5":0,"6":0,"7":0},"b":{},"f":{"1":0},"fnMap":{"1":{"name":"(anonymous_1)","line":6,"loc":{"start":{"line":6,"column":17},"end":{"line":6,"column":36}}}},"statementMap":{"1":{"start":{"line":1,"column":0},"end":{"line":1,"column":23}},"2":{"start":{"line":3,"column":0},"end":{"line":5,"column":3}},"3":{"start":{"line":6,"column":0},"end":{"line":13,"column":1}},"4":{"start":{"line":7,"column":4},"end":{"line":7,"column":27}},"5":{"start":{"line":8,"column":4},"end":{"line":10,"column":6}},"6":{"start":{"line":11,"column":4},"end":{"line":11,"column":17}},"7":{"start":{"line":12,"column":4},"end":{"line":12,"column":13}}},"branchMap":{}},"/home/mohammed/Desktop/CodeWarsTracker/app/sender.js":{"path":"/home/mohammed/Desktop/CodeWarsTracker/app/sender.js","s":{"1":1,"2":1,"3":1,"4":1,"5":1,"6":1,"7":0,"8":0,"9":0,"10":0,"11":0,"12":0,"13":0,"14":1,"15":1,"16":0,"17":0,"18":0},"b":{"1":[0,0]},"f":{"1":0,"2":0,"3":0,"4":0,"5":0,"6":0},"fnMap":{"1":{"name":"sender","line":8,"loc":{"start":{"line":8,"column":0},"end":{"line":8,"column":18}}},"2":{"name":"(anonymous_2)","line":12,"loc":{"start":{"line":12,"column":26},"end":{"line":12,"column":41}}},"3":{"name":"(anonymous_3)","line":15,"loc":{"start":{"line":15,"column":14},"end":{"line":15,"column":33}}},"4":{"name":"(anonymous_4)","line":16,"loc":{"start":{"line":16,"column":25},"end":{"line":16,"column":39}}},"5":{"name":"transform","line":40,"loc":{"start":{"line":40,"column":0},"end":{"line":40,"column":25}}},"6":{"name":"(anonymous_6)","line":41,"loc":{"start":{"line":41,"column":20},"end":{"line":41,"column":35}}}},"statementMap":{"1":{"start":{"line":1,"column":0},"end":{"line":1,"column":44}},"2":{"start":{"line":2,"column":0},"end":{"line":2,"column":32}},"3":{"start":{"line":3,"column":0},"end":{"line":3,"column":54}},"4":{"start":{"line":4,"column":0},"end":{"line":4,"column":51}},"5":{"start":{"line":5,"column":0},"end":{"line":5,"column":54}},"6":{"start":{"line":8,"column":0},"end":{"line":34,"column":1}},"7":{"start":{"line":12,"column":4},"end":{"line":32,"column":10}},"8":{"start":{"line":13,"column":6},"end":{"line":13,"column":28}},"9":{"start":{"line":14,"column":8},"end":{"line":31,"column":9}},"10":{"start":{"line":15,"column":12},"end":{"line":28,"column":14}},"11":{"start":{"line":16,"column":16},"end":{"line":27,"column":18}},"12":{"start":{"line":17,"column":20},"end":{"line":17,"column":68}},"13":{"start":{"line":30,"column":12},"end":{"line":30,"column":39}},"14":{"start":{"line":36,"column":0},"end":{"line":38,"column":1}},"15":{"start":{"line":40,"column":0},"end":{"line":48,"column":1}},"16":{"start":{"line":41,"column":4},"end":{"line":47,"column":7}},"17":{"start":{"line":42,"column":8},"end":{"line":45,"column":9}},"18":{"start":{"line":46,"column":8},"end":{"line":46,"column":20}}},"branchMap":{"1":{"line":14,"type":"if","locations":[{"start":{"line":14,"column":8},"end":{"line":14,"column":8}},{"start":{"line":14,"column":8},"end":{"line":14,"column":8}}]}}},"/home/mohammed/Desktop/CodeWarsTracker/app/comparison.js":{"path":"/home/mohammed/Desktop/CodeWarsTracker/app/comparison.js","s":{"1":1,"2":1,"3":1,"4":1,"5":1,"6":0,"7":0,"8":0,"9":0,"10":0,"11":0,"12":0,"13":0,"14":0,"15":0,"16":0,"17":0,"18":0,"19":0,"20":0,"21":0,"22":0,"23":1,"24":1,"25":0,"26":0,"27":0,"28":0,"29":0},"b":{"1":[0,0],"2":[0,0],"3":[0,0],"4":[0,0],"5":[0,0]},"f":{"1":0,"2":0,"3":0,"4":0,"5":0,"6":0},"fnMap":{"1":{"name":"comparison","line":6,"loc":{"start":{"line":6,"column":0},"end":{"line":6,"column":24}}},"2":{"name":"(anonymous_2)","line":8,"loc":{"start":{"line":8,"column":21},"end":{"line":8,"column":43}}},"3":{"name":"(anonymous_3)","line":10,"loc":{"start":{"line":10,"column":21},"end":{"line":10,"column":35}}},"4":{"name":"(anonymous_4)","line":11,"loc":{"start":{"line":11,"column":26},"end":{"line":11,"column":41}}},"5":{"name":"(anonymous_5)","line":16,"loc":{"start":{"line":16,"column":34},"end":{"line":16,"column":46}}},"6":{"name":"compare","line":37,"loc":{"start":{"line":37,"column":0},"end":{"line":37,"column":23}}}},"statementMap":{"1":{"start":{"line":1,"column":0},"end":{"line":1,"column":56}},"2":{"start":{"line":2,"column":0},"end":{"line":2,"column":42}},"3":{"start":{"line":3,"column":0},"end":{"line":3,"column":40}},"4":{"start":{"line":4,"column":0},"end":{"line":4,"column":15}},"5":{"start":{"line":6,"column":0},"end":{"line":32,"column":1}},"6":{"start":{"line":7,"column":4},"end":{"line":7,"column":18}},"7":{"start":{"line":8,"column":4},"end":{"line":30,"column":6}},"8":{"start":{"line":9,"column":8},"end":{"line":9,"column":18}},"9":{"start":{"line":10,"column":8},"end":{"line":29,"column":10}},"10":{"start":{"line":11,"column":12},"end":{"line":28,"column":15}},"11":{"start":{"line":12,"column":16},"end":{"line":12,"column":43}},"12":{"start":{"line":13,"column":16},"end":{"line":13,"column":32}},"13":{"start":{"line":14,"column":16},"end":{"line":26,"column":17}},"14":{"start":{"line":15,"column":20},"end":{"line":15,"column":48}},"15":{"start":{"line":16,"column":20},"end":{"line":25,"column":22}},"16":{"start":{"line":17,"column":24},"end":{"line":17,"column":77}},"17":{"start":{"line":18,"column":24},"end":{"line":18,"column":57}},"18":{"start":{"line":19,"column":24},"end":{"line":24,"column":25}},"19":{"start":{"line":20,"column":28},"end":{"line":20,"column":61}},"20":{"start":{"line":21,"column":28},"end":{"line":23,"column":29}},"21":{"start":{"line":22,"column":32},"end":{"line":22,"column":41}},"22":{"start":{"line":27,"column":16},"end":{"line":27,"column":20}},"23":{"start":{"line":33,"column":0},"end":{"line":35,"column":1}},"24":{"start":{"line":37,"column":0},"end":{"line":43,"column":1}},"25":{"start":{"line":38,"column":4},"end":{"line":39,"column":18}},"26":{"start":{"line":39,"column":8},"end":{"line":39,"column":18}},"27":{"start":{"line":40,"column":4},"end":{"line":41,"column":17}},"28":{"start":{"line":41,"column":8},"end":{"line":41,"column":17}},"29":{"start":{"line":42,"column":4},"end":{"line":42,"column":13}}},"branchMap":{"1":{"line":14,"type":"if","locations":[{"start":{"line":14,"column":16},"end":{"line":14,"column":16}},{"start":{"line":14,"column":16},"end":{"line":14,"column":16}}]},"2":{"line":19,"type":"if","locations":[{"start":{"line":19,"column":24},"end":{"line":19,"column":24}},{"start":{"line":19,"column":24},"end":{"line":19,"column":24}}]},"3":{"line":21,"type":"if","locations":[{"start":{"line":21,"column":28},"end":{"line":21,"column":28}},{"start":{"line":21,"column":28},"end":{"line":21,"column":28}}]},"4":{"line":38,"type":"if","locations":[{"start":{"line":38,"column":4},"end":{"line":38,"column":4}},{"start":{"line":38,"column":4},"end":{"line":38,"column":4}}]},"5":{"line":40,"type":"if","locations":[{"start":{"line":40,"column":4},"end":{"line":40,"column":4}},{"start":{"line":40,"column":4},"end":{"line":40,"column":4}}]}}},"/home/mohammed/Desktop/CodeWarsTracker/app/getdataFirstTime.js":{"path":"/home/mohammed/Desktop/CodeWarsTracker/app/getdataFirstTime.js","s":{"1":1,"2":1,"3":0,"4":0,"5":0,"6":0,"7":0,"8":0,"9":0,"10":0,"11":0,"12":0,"13":1,"14":0,"15":0,"16":0,"17":1,"18":0,"19":0,"20":0,"21":0,"22":0},"b":{"1":[0,0],"2":[0,0]},"f":{"1":0,"2":0,"3":0,"4":0,"5":0,"6":0},"fnMap":{"1":{"name":"(anonymous_1)","line":2,"loc":{"start":{"line":2,"column":17},"end":{"line":2,"column":30}}},"2":{"name":"(anonymous_2)","line":3,"loc":{"start":{"line":3,"column":14},"end":{"line":3,"column":29}}},"3":{"name":"(anonymous_3)","line":9,"loc":{"start":{"line":9,"column":18},"end":{"line":9,"column":32}}},"4":{"name":"transform","line":17,"loc":{"start":{"line":17,"column":0},"end":{"line":17,"column":25}}},"5":{"name":"(anonymous_5)","line":18,"loc":{"start":{"line":18,"column":20},"end":{"line":18,"column":35}}},"6":{"name":"compare","line":27,"loc":{"start":{"line":27,"column":0},"end":{"line":27,"column":23}}}},"statementMap":{"1":{"start":{"line":1,"column":0},"end":{"line":1,"column":37}},"2":{"start":{"line":2,"column":0},"end":{"line":15,"column":2}},"3":{"start":{"line":3,"column":4},"end":{"line":14,"column":6}},"4":{"start":{"line":4,"column":8},"end":{"line":4,"column":30}},"5":{"start":{"line":5,"column":8},"end":{"line":5,"column":22}},"6":{"start":{"line":6,"column":8},"end":{"line":6,"column":23}},"7":{"start":{"line":7,"column":8},"end":{"line":7,"column":38}},"8":{"start":{"line":8,"column":8},"end":{"line":8,"column":28}},"9":{"start":{"line":9,"column":8},"end":{"line":12,"column":10}},"10":{"start":{"line":10,"column":12},"end":{"line":10,"column":32}},"11":{"start":{"line":11,"column":12},"end":{"line":11,"column":34}},"12":{"start":{"line":13,"column":8},"end":{"line":13,"column":23}},"13":{"start":{"line":17,"column":0},"end":{"line":25,"column":1}},"14":{"start":{"line":18,"column":4},"end":{"line":24,"column":7}},"15":{"start":{"line":19,"column":8},"end":{"line":22,"column":9}},"16":{"start":{"line":23,"column":8},"end":{"line":23,"column":20}},"17":{"start":{"line":27,"column":0},"end":{"line":33,"column":1}},"18":{"start":{"line":28,"column":4},"end":{"line":29,"column":18}},"19":{"start":{"line":29,"column":8},"end":{"line":29,"column":18}},"20":{"start":{"line":30,"column":4},"end":{"line":31,"column":17}},"21":{"start":{"line":31,"column":8},"end":{"line":31,"column":17}},"22":{"start":{"line":32,"column":4},"end":{"line":32,"column":13}}},"branchMap":{"1":{"line":28,"type":"if","locations":[{"start":{"line":28,"column":4},"end":{"line":28,"column":4}},{"start":{"line":28,"column":4},"end":{"line":28,"column":4}}]},"2":{"line":30,"type":"if","locations":[{"start":{"line":30,"column":4},"end":{"line":30,"column":4}},{"start":{"line":30,"column":4},"end":{"line":30,"column":4}}]}}},"/home/mohammed/Desktop/CodeWarsTracker/app/getFirstTime.js":{"path":"/home/mohammed/Desktop/CodeWarsTracker/app/getFirstTime.js","s":{"1":1,"2":1,"3":1,"4":1,"5":1,"6":0,"7":0,"8":0,"9":0,"10":0,"11":0,"12":0,"13":0,"14":0,"15":0,"16":0,"17":0,"18":0,"19":1},"b":{"1":[0,0]},"f":{"1":0,"2":0},"fnMap":{"1":{"name":"getdata","line":8,"loc":{"start":{"line":8,"column":0},"end":{"line":8,"column":21}}},"2":{"name":"(anonymous_2)","line":32,"loc":{"start":{"line":32,"column":38},"end":{"line":32,"column":52}}}},"statementMap":{"1":{"start":{"line":3,"column":0},"end":{"line":3,"column":29}},"2":{"start":{"line":4,"column":0},"end":{"line":4,"column":35}},"3":{"start":{"line":5,"column":0},"end":{"line":5,"column":33}},"4":{"start":{"line":6,"column":0},"end":{"line":6,"column":62}},"5":{"start":{"line":8,"column":0},"end":{"line":43,"column":1}},"6":{"start":{"line":9,"column":4},"end":{"line":9,"column":19}},"7":{"start":{"line":10,"column":4},"end":{"line":15,"column":6}},"8":{"start":{"line":17,"column":4},"end":{"line":41,"column":7}},"9":{"start":{"line":18,"column":8},"end":{"line":21,"column":9}},"10":{"start":{"line":19,"column":12},"end":{"line":19,"column":29}},"11":{"start":{"line":20,"column":12},"end":{"line":20,"column":19}},"12":{"start":{"line":22,"column":8},"end":{"line":30,"column":10}},"13":{"start":{"line":32,"column":8},"end":{"line":39,"column":11}},"14":{"start":{"line":33,"column":12},"end":{"line":35,"column":15}},"15":{"start":{"line":34,"column":16},"end":{"line":34,"column":37}},"16":{"start":{"line":36,"column":12},"end":{"line":38,"column":15}},"17":{"start":{"line":37,"column":16},"end":{"line":37,"column":25}},"18":{"start":{"line":40,"column":8},"end":{"line":40,"column":18}},"19":{"start":{"line":45,"column":0},"end":{"line":47,"column":1}}},"branchMap":{"1":{"line":18,"type":"if","locations":[{"start":{"line":18,"column":8},"end":{"line":18,"column":8}},{"start":{"line":18,"column":8},"end":{"line":18,"column":8}}]}}},"/home/mohammed/Desktop/CodeWarsTracker/app/getdata.js":{"path":"/home/mohammed/Desktop/CodeWarsTracker/app/getdata.js","s":{"1":1,"2":1,"3":0,"4":0,"5":0,"6":0,"7":0,"8":0,"9":0,"10":0,"11":0,"12":0,"13":1,"14":0,"15":0,"16":0,"17":1,"18":0,"19":0,"20":0,"21":0,"22":0},"b":{"1":[0,0],"2":[0,0]},"f":{"1":0,"2":0,"3":0,"4":0,"5":0,"6":0},"fnMap":{"1":{"name":"(anonymous_1)","line":2,"loc":{"start":{"line":2,"column":17},"end":{"line":2,"column":30}}},"2":{"name":"(anonymous_2)","line":3,"loc":{"start":{"line":3,"column":14},"end":{"line":3,"column":29}}},"3":{"name":"(anonymous_3)","line":9,"loc":{"start":{"line":9,"column":18},"end":{"line":9,"column":32}}},"4":{"name":"transform","line":17,"loc":{"start":{"line":17,"column":0},"end":{"line":17,"column":25}}},"5":{"name":"(anonymous_5)","line":18,"loc":{"start":{"line":18,"column":20},"end":{"line":18,"column":35}}},"6":{"name":"compare","line":27,"loc":{"start":{"line":27,"column":0},"end":{"line":27,"column":23}}}},"statementMap":{"1":{"start":{"line":1,"column":0},"end":{"line":1,"column":32}},"2":{"start":{"line":2,"column":0},"end":{"line":15,"column":2}},"3":{"start":{"line":3,"column":4},"end":{"line":14,"column":6}},"4":{"start":{"line":4,"column":8},"end":{"line":4,"column":30}},"5":{"start":{"line":5,"column":8},"end":{"line":5,"column":22}},"6":{"start":{"line":6,"column":8},"end":{"line":6,"column":23}},"7":{"start":{"line":7,"column":8},"end":{"line":7,"column":38}},"8":{"start":{"line":8,"column":8},"end":{"line":8,"column":28}},"9":{"start":{"line":9,"column":8},"end":{"line":12,"column":10}},"10":{"start":{"line":10,"column":12},"end":{"line":10,"column":32}},"11":{"start":{"line":11,"column":12},"end":{"line":11,"column":34}},"12":{"start":{"line":13,"column":8},"end":{"line":13,"column":23}},"13":{"start":{"line":17,"column":0},"end":{"line":25,"column":1}},"14":{"start":{"line":18,"column":4},"end":{"line":24,"column":7}},"15":{"start":{"line":19,"column":8},"end":{"line":22,"column":9}},"16":{"start":{"line":23,"column":8},"end":{"line":23,"column":20}},"17":{"start":{"line":27,"column":0},"end":{"line":33,"column":1}},"18":{"start":{"line":28,"column":4},"end":{"line":29,"column":18}},"19":{"start":{"line":29,"column":8},"end":{"line":29,"column":18}},"20":{"start":{"line":30,"column":4},"end":{"line":31,"column":17}},"21":{"start":{"line":31,"column":8},"end":{"line":31,"column":17}},"22":{"start":{"line":32,"column":4},"end":{"line":32,"column":13}}},"branchMap":{"1":{"line":28,"type":"if","locations":[{"start":{"line":28,"column":4},"end":{"line":28,"column":4}},{"start":{"line":28,"column":4},"end":{"line":28,"column":4}}]},"2":{"line":30,"type":"if","locations":[{"start":{"line":30,"column":4},"end":{"line":30,"column":4}},{"start":{"line":30,"column":4},"end":{"line":30,"column":4}}]}}},"/home/mohammed/Desktop/CodeWarsTracker/google.js":{"path":"/home/mohammed/Desktop/CodeWarsTracker/google.js","s":{"1":1,"2":1,"3":1,"4":1,"5":1,"6":1,"7":0,"8":0,"9":0,"10":0,"11":0,"12":0,"13":0,"14":0,"15":0,"16":0,"17":0,"18":0,"19":0,"20":1},"b":{"1":[0,0]},"f":{"1":0,"2":0},"fnMap":{"1":{"name":"getdata","line":9,"loc":{"start":{"line":9,"column":0},"end":{"line":9,"column":21}}},"2":{"name":"(anonymous_2)","line":31,"loc":{"start":{"line":31,"column":38},"end":{"line":31,"column":52}}}},"statementMap":{"1":{"start":{"line":3,"column":0},"end":{"line":3,"column":29}},"2":{"start":{"line":4,"column":0},"end":{"line":4,"column":35}},"3":{"start":{"line":5,"column":0},"end":{"line":5,"column":32}},"4":{"start":{"line":6,"column":0},"end":{"line":6,"column":34}},"5":{"start":{"line":7,"column":0},"end":{"line":7,"column":62}},"6":{"start":{"line":9,"column":0},"end":{"line":41,"column":1}},"7":{"start":{"line":10,"column":4},"end":{"line":10,"column":19}},"8":{"start":{"line":11,"column":4},"end":{"line":16,"column":6}},"9":{"start":{"line":17,"column":4},"end":{"line":40,"column":7}},"10":{"start":{"line":18,"column":8},"end":{"line":21,"column":9}},"11":{"start":{"line":19,"column":12},"end":{"line":19,"column":29}},"12":{"start":{"line":20,"column":12},"end":{"line":20,"column":19}},"13":{"start":{"line":22,"column":8},"end":{"line":30,"column":10}},"14":{"start":{"line":31,"column":8},"end":{"line":38,"column":11}},"15":{"start":{"line":32,"column":12},"end":{"line":34,"column":15}},"16":{"start":{"line":33,"column":16},"end":{"line":33,"column":37}},"17":{"start":{"line":35,"column":12},"end":{"line":37,"column":15}},"18":{"start":{"line":36,"column":16},"end":{"line":36,"column":25}},"19":{"start":{"line":39,"column":8},"end":{"line":39,"column":18}},"20":{"start":{"line":42,"column":0},"end":{"line":44,"column":1}}},"branchMap":{"1":{"line":18,"type":"if","locations":[{"start":{"line":18,"column":8},"end":{"line":18,"column":8}},{"start":{"line":18,"column":8},"end":{"line":18,"column":8}}]}}},"/home/mohammed/Desktop/CodeWarsTracker/utils.js":{"path":"/home/mohammed/Desktop/CodeWarsTracker/utils.js","s":{"1":1,"2":1,"3":0,"4":0,"5":1},"b":{},"f":{"1":0},"fnMap":{"1":{"name":"parseBody","line":2,"loc":{"start":{"line":2,"column":0},"end":{"line":2,"column":25}}}},"statementMap":{"1":{"start":{"line":1,"column":0},"end":{"line":1,"column":14}},"2":{"start":{"line":2,"column":0},"end":{"line":5,"column":5}},"3":{"start":{"line":3,"column":2},"end":{"line":3,"column":13}},"4":{"start":{"line":4,"column":0},"end":{"line":4,"column":12}},"5":{"start":{"line":6,"column":0},"end":{"line":9,"column":2}}},"branchMap":{}},"/home/mohammed/Desktop/CodeWarsTracker/app/userdata.js":{"path":"/home/mohammed/Desktop/CodeWarsTracker/app/userdata.js","s":{"1":1,"2":0,"3":0,"4":0,"5":0,"6":0,"7":0,"8":0,"9":0,"10":0,"11":0},"b":{},"f":{"1":0,"2":0,"3":0,"4":0},"fnMap":{"1":{"name":"(anonymous_1)","line":1,"loc":{"start":{"line":1,"column":17},"end":{"line":1,"column":40}}},"2":{"name":"(anonymous_2)","line":12,"loc":{"start":{"line":12,"column":41},"end":{"line":12,"column":55}}},"3":{"name":"(anonymous_3)","line":14,"loc":{"start":{"line":14,"column":23},"end":{"line":14,"column":39}}},"4":{"name":"(anonymous_4)","line":18,"loc":{"start":{"line":18,"column":24},"end":{"line":18,"column":38}}}},"statementMap":{"1":{"start":{"line":1,"column":0},"end":{"line":23,"column":1}},"2":{"start":{"line":2,"column":4},"end":{"line":2,"column":33}},"3":{"start":{"line":3,"column":4},"end":{"line":11,"column":5}},"4":{"start":{"line":12,"column":4},"end":{"line":17,"column":7}},"5":{"start":{"line":13,"column":8},"end":{"line":13,"column":32}},"6":{"start":{"line":14,"column":8},"end":{"line":16,"column":11}},"7":{"start":{"line":15,"column":12},"end":{"line":15,"column":21}},"8":{"start":{"line":18,"column":4},"end":{"line":20,"column":7}},"9":{"start":{"line":19,"column":8},"end":{"line":19,"column":32}},"10":{"start":{"line":21,"column":4},"end":{"line":21,"column":18}},"11":{"start":{"line":22,"column":4},"end":{"line":22,"column":10}}},"branchMap":{}},"/home/mohammed/Desktop/CodeWarsTracker/app/display.js":{"path":"/home/mohammed/Desktop/CodeWarsTracker/app/display.js","s":{"1":1,"2":1,"3":0,"4":0,"5":0,"6":0,"7":1,"8":0,"9":0,"10":0,"11":0,"12":0},"b":{"1":[0,0],"2":[0,0]},"f":{"1":0,"2":0,"3":0},"fnMap":{"1":{"name":"(anonymous_1)","line":4,"loc":{"start":{"line":4,"column":15},"end":{"line":4,"column":33}}},"2":{"name":"(anonymous_2)","line":5,"loc":{"start":{"line":5,"column":12},"end":{"line":5,"column":27}}},"3":{"name":"compare","line":13,"loc":{"start":{"line":13,"column":0},"end":{"line":13,"column":23}}}},"statementMap":{"1":{"start":{"line":1,"column":0},"end":{"line":1,"column":35}},"2":{"start":{"line":4,"column":0},"end":{"line":11,"column":1}},"3":{"start":{"line":5,"column":2},"end":{"line":10,"column":4}},"4":{"start":{"line":6,"column":6},"end":{"line":6,"column":28}},"5":{"start":{"line":8,"column":6},"end":{"line":8,"column":37}},"6":{"start":{"line":9,"column":6},"end":{"line":9,"column":20}},"7":{"start":{"line":13,"column":0},"end":{"line":19,"column":1}},"8":{"start":{"line":14,"column":4},"end":{"line":15,"column":18}},"9":{"start":{"line":15,"column":8},"end":{"line":15,"column":18}},"10":{"start":{"line":16,"column":4},"end":{"line":17,"column":17}},"11":{"start":{"line":17,"column":8},"end":{"line":17,"column":17}},"12":{"start":{"line":18,"column":4},"end":{"line":18,"column":13}}},"branchMap":{"1":{"line":14,"type":"if","locations":[{"start":{"line":14,"column":4},"end":{"line":14,"column":4}},{"start":{"line":14,"column":4},"end":{"line":14,"column":4}}]},"2":{"line":16,"type":"if","locations":[{"start":{"line":16,"column":4},"end":{"line":16,"column":4}},{"start":{"line":16,"column":4},"end":{"line":16,"column":4}}]}}}}